2021-10-21 23:39:24.800  INFO 1817 --- [main] c.c.contratos.DemoContratosApplication   : Starting DemoContratosApplication v0.0.1-SNAPSHOT using Java 13.0.2 on iMac.local with PID 1817 (/Users/david/Projects/github/DemoContratos/target/DemoContratos.jar started by david in /Users/david/Projects/github/DemoContratos)
2021-10-21 23:39:24.811  INFO 1817 --- [main] c.c.contratos.DemoContratosApplication   : No active profile set, falling back to default profiles: default
2021-10-21 23:39:25.767  INFO 1817 --- [main] .s.d.r.c.RepositoryConfigurationDelegate : Bootstrapping Spring Data JPA repositories in DEFAULT mode.
2021-10-21 23:39:25.833  INFO 1817 --- [main] .s.d.r.c.RepositoryConfigurationDelegate : Finished Spring Data repository scanning in 54 ms. Found 2 JPA repository interfaces.
2021-10-21 23:39:26.082  INFO 1817 --- [main] ptablePropertiesBeanFactoryPostProcessor : Post-processing PropertySource instances
2021-10-21 23:39:26.083  INFO 1817 --- [main] c.u.j.EncryptablePropertySourceConverter : Skipping PropertySource configurationProperties [class org.springframework.boot.context.properties.source.ConfigurationPropertySourcesPropertySource
2021-10-21 23:39:26.086  INFO 1817 --- [main] c.u.j.EncryptablePropertySourceConverter : Skipping PropertySource servletConfigInitParams [class org.springframework.core.env.PropertySource$StubPropertySource
2021-10-21 23:39:26.086  INFO 1817 --- [main] c.u.j.EncryptablePropertySourceConverter : Skipping PropertySource servletContextInitParams [class org.springframework.core.env.PropertySource$StubPropertySource
2021-10-21 23:39:26.087  INFO 1817 --- [main] c.u.j.EncryptablePropertySourceConverter : Converting PropertySource systemProperties [org.springframework.core.env.PropertiesPropertySource] to EncryptableMapPropertySourceWrapper
2021-10-21 23:39:26.087  INFO 1817 --- [main] c.u.j.EncryptablePropertySourceConverter : Converting PropertySource systemEnvironment [org.springframework.boot.env.SystemEnvironmentPropertySourceEnvironmentPostProcessor$OriginAwareSystemEnvironmentPropertySource] to EncryptableSystemEnvironmentPropertySourceWrapper
2021-10-21 23:39:26.088  INFO 1817 --- [main] c.u.j.EncryptablePropertySourceConverter : Converting PropertySource random [org.springframework.boot.env.RandomValuePropertySource] to EncryptablePropertySourceWrapper
2021-10-21 23:39:26.088  INFO 1817 --- [main] c.u.j.EncryptablePropertySourceConverter : Converting PropertySource Config resource 'class path resource [application.properties]' via location 'optional:classpath:/' [org.springframework.boot.env.OriginTrackedMapPropertySource] to EncryptableMapPropertySourceWrapper
2021-10-21 23:39:26.278  INFO 1817 --- [main] trationDelegate$BeanPostProcessorChecker : Bean 'org.springframework.security.access.expression.method.DefaultMethodSecurityExpressionHandler@3148f668' of type [org.springframework.security.access.expression.method.DefaultMethodSecurityExpressionHandler] is not eligible for getting processed by all BeanPostProcessors (for example: not eligible for auto-proxying)
2021-10-21 23:39:26.289  INFO 1817 --- [main] trationDelegate$BeanPostProcessorChecker : Bean 'methodSecurityMetadataSource' of type [org.springframework.security.access.method.DelegatingMethodSecurityMetadataSource] is not eligible for getting processed by all BeanPostProcessors (for example: not eligible for auto-proxying)
2021-10-21 23:39:26.388  INFO 1817 --- [main] c.u.j.filter.DefaultLazyPropertyFilter   : Property Filter custom Bean not found with name 'encryptablePropertyFilter'. Initializing Default Property Filter
2021-10-21 23:39:26.398  INFO 1817 --- [main] c.u.j.r.DefaultLazyPropertyResolver      : Property Resolver custom Bean not found with name 'encryptablePropertyResolver'. Initializing Default Property Resolver
2021-10-21 23:39:26.402  INFO 1817 --- [main] c.u.j.d.DefaultLazyPropertyDetector      : Property Detector custom Bean not found with name 'encryptablePropertyDetector'. Initializing Default Property Detector
2021-10-21 23:39:26.580  INFO 1817 --- [main] o.s.b.w.embedded.tomcat.TomcatWebServer  : Tomcat initialized with port(s): 9898 (http)
2021-10-21 23:39:26.590  INFO 1817 --- [main] o.apache.catalina.core.StandardService   : Starting service [Tomcat]
2021-10-21 23:39:26.590  INFO 1817 --- [main] org.apache.catalina.core.StandardEngine  : Starting Servlet engine: [Apache Tomcat/9.0.53]
2021-10-21 23:39:26.644  INFO 1817 --- [main] o.a.c.c.C.[.[.[/DemoContratos]           : Initializing Spring embedded WebApplicationContext
2021-10-21 23:39:26.644  INFO 1817 --- [main] w.s.c.ServletWebServerApplicationContext : Root WebApplicationContext: initialization completed in 1765 ms
2021-10-21 23:39:26.717  INFO 1817 --- [main] c.u.j.encryptor.DefaultLazyEncryptor     : String Encryptor custom Bean not found with name 'jasyptStringEncryptor'. Initializing Default String Encryptor
2021-10-21 23:39:26.723  INFO 1817 --- [main] c.u.j.encryptor.DefaultLazyEncryptor     : String Encryptor custom Bean not found with name 'jasyptStringEncryptor'. Initializing Default String Encryptor
2021-10-21 23:39:26.728  WARN 1817 --- [main] ConfigServletWebServerApplicationContext : Exception encountered during context initialization - cancelling refresh attempt: org.springframework.beans.factory.UnsatisfiedDependencyException: Error creating bean with name 'org.springframework.boot.autoconfigure.orm.jpa.HibernateJpaConfiguration': Unsatisfied dependency expressed through constructor parameter 0; nested exception is org.springframework.beans.factory.UnsatisfiedDependencyException: Error creating bean with name 'dataSource' defined in class path resource [org/springframework/boot/autoconfigure/jdbc/DataSourceConfiguration$Hikari.class]: Unsatisfied dependency expressed through method 'dataSource' parameter 0; nested exception is org.springframework.boot.context.properties.ConfigurationPropertiesBindException: Error creating bean with name 'spring.datasource-org.springframework.boot.autoconfigure.jdbc.DataSourceProperties': Could not bind properties to 'DataSourceProperties' : prefix=spring.datasource, ignoreInvalidFields=false, ignoreUnknownFields=true; nested exception is org.springframework.boot.context.properties.bind.BindException: Failed to bind properties under 'spring.datasource.password' to java.lang.String
2021-10-21 23:39:26.731  INFO 1817 --- [main] o.apache.catalina.core.StandardService   : Stopping service [Tomcat]
2021-10-21 23:39:26.750  INFO 1817 --- [main] ConditionEvaluationReportLoggingListener : 

Error starting ApplicationContext. To display the conditions report re-run your application with 'debug' enabled.
2021-10-21 23:39:26.764 ERROR 1817 --- [main] o.s.b.d.LoggingFailureAnalysisReporter   : 

***************************
APPLICATION FAILED TO START
***************************

Description:

Failed to bind properties under 'spring.datasource.password' to java.lang.String:

    Reason: java.lang.IllegalStateException: either 'jasypt.encryptor.password', one of ['jasypt.encryptor.private-key-string', 'jasypt.encryptor.private-key-location'] for asymmetric encryption, or one of ['jasypt.encryptor.gcm-secret-key-string', 'jasypt.encryptor.gcm-secret-key-location', 'jasypt.encryptor.gcm-secret-key-password'] for AES/GCM encryption must be provided for Password-based or Asymmetric encryption

Action:

Update your application's configuration

